app/build/outputs/logs/manifest-merger-debug-report.txt
-- Merging decision tree log ---
manifest
ADDED from src/main/AndroidManifest.xml:2:1-554:12
	package
		ADDED from src/main/AndroidManifest.xml:4:5-29
		INJECTED from src/main/AndroidManifest.xml
		INJECTED from src/main/AndroidManifest.xml
	android:versionName
		INJECTED from src/main/AndroidManifest.xml
		INJECTED from src/main/AndroidManifest.xml
	xmlns:tools
		ADDED from src/main/AndroidManifest.xml:3:5-51
	xmlns:android
		ADDED from src/main/AndroidManifest.xml:2:11-69
	android:versionCode
		INJECTED from src/main/AndroidManifest.xml
		INJECTED from src/main/AndroidManifest.xml
uses-permission#android.permission.WRITE_SETTINGS
ADDED from src/main/AndroidManifest.xml:7:5-73
MERGED from [Dearzs:PushLib:unspecified] AndroidManifest.xml:23:5-73
	android:name
		ADDED from src/main/AndroidManifest.xml:7:22-70
uses-permission#android.permission.INTERNET
ADDED from src/main/AndroidManifest.xml:8:5-67
MERGED from [Dearzs:PushLib:unspecified] AndroidManifest.xml:18:5-67
	android:name
		ADDED from src/main/AndroidManifest.xml:8:22-64
uses-permission#android.permission.ACCESS_NETWORK_STATE
ADDED from src/main/AndroidManifest.xml:9:5-79
MERGED from [Dearzs:PushLib:unspecified] AndroidManifest.xml:26:5-79
	android:name
		ADDED from src/main/AndroidManifest.xml:9:22-76
uses-permission#android.permission.ACCESS_WIFI_STATE
ADDED from src/main/AndroidManifest.xml:10:5-76
MERGED from [Dearzs:PushLib:unspecified] AndroidManifest.xml:27:5-76
	android:name
		ADDED from src/main/AndroidManifest.xml:10:22-73
uses-permission#android.permission.WRITE_EXTERNAL_STORAGE
ADDED from src/main/AndroidManifest.xml:11:5-81
MERGED from [Dearzs:PushLib:unspecified] AndroidManifest.xml:21:5-81
	android:name
		ADDED from src/main/AndroidManifest.xml:11:22-78
uses-permission#android.permission.MOUNT_UNMOUNT_FILESYSTEMS
ADDED from src/main/AndroidManifest.xml:12:5-84
MERGED from [Dearzs:PushLib:unspecified] AndroidManifest.xml:25:5-84
	android:name
		ADDED from src/main/AndroidManifest.xml:12:22-81
uses-permission#android.permission.WAKE_LOCK
ADDED from src/main/AndroidManifest.xml:13:5-68
MERGED from [Dearzs:PushLib:unspecified] AndroidManifest.xml:19:5-68
	android:name
		ADDED from src/main/AndroidManifest.xml:13:22-65
uses-permission#android.permission.READ_PHONE_STATE
ADDED from src/main/AndroidManifest.xml:14:5-75
MERGED from [Dearzs:PushLib:unspecified] AndroidManifest.xml:20:5-75
	android:name
		ADDED from src/main/AndroidManifest.xml:14:22-72
uses-permission#android.permission.CHANGE_NETWORK_STATE
ADDED from src/main/AndroidManifest.xml:15:5-79
MERGED from [Dearzs:PushLib:unspecified] AndroidManifest.xml:35:5-79
	android:name
		ADDED from src/main/AndroidManifest.xml:15:22-76
uses-permission#android.permission.CHANGE_WIFI_STATE
ADDED from src/main/AndroidManifest.xml:16:5-76
MERGED from [Dearzs:PushLib:unspecified] AndroidManifest.xml:32:5-76
	android:name
		ADDED from src/main/AndroidManifest.xml:16:22-73
uses-permission#android.permission.RECEIVE_BOOT_COMPLETED
ADDED from src/main/AndroidManifest.xml:17:5-81
	android:name
		ADDED from src/main/AndroidManifest.xml:17:22-78
uses-permission#android.permission.WRITE_SETTINGSAPN_SETTINGS
ADDED from src/main/AndroidManifest.xml:18:5-85
	android:name
		ADDED from src/main/AndroidManifest.xml:18:22-82
uses-permission#android.permission.MODIFY_AUDIO_SETTINGS
ADDED from src/main/AndroidManifest.xml:19:5-80
	android:name
		ADDED from src/main/AndroidManifest.xml:19:22-77
uses-permission#android.permission.WRITE_APN_SETTINGS
ADDED from src/main/AndroidManifest.xml:20:5-77
	android:name
		ADDED from src/main/AndroidManifest.xml:20:22-74
uses-permission#android.permission.READ_LOGS
ADDED from src/main/AndroidManifest.xml:22:5-68
	android:name
		ADDED from src/main/AndroidManifest.xml:22:22-65
uses-permission#android.permission.ACCESS_FINE_LOCATION
ADDED from src/main/AndroidManifest.xml:23:5-79
MERGED from [Dearzs:PushLib:unspecified] AndroidManifest.xml:33:5-79
	android:name
		ADDED from src/main/AndroidManifest.xml:23:22-76
uses-permission#android.permission.ACCESS_COARSE_LOCATION
ADDED from src/main/AndroidManifest.xml:24:5-81
MERGED from [Dearzs:PushLib:unspecified] AndroidManifest.xml:31:5-81
	android:name
		ADDED from src/main/AndroidManifest.xml:24:22-78
uses-permission#android.permission.SET_DEBUG_APP
ADDED from src/main/AndroidManifest.xml:25:5-72
	android:name
		ADDED from src/main/AndroidManifest.xml:25:22-69
uses-permission#android.permission.SYSTEM_ALERT_WINDOW
ADDED from src/main/AndroidManifest.xml:26:5-78
MERGED from [Dearzs:PushLib:unspecified] AndroidManifest.xml:28:5-78
	android:name
		ADDED from src/main/AndroidManifest.xml:26:22-75
uses-permission#android.permission.GET_ACCOUNTS
ADDED from src/main/AndroidManifest.xml:27:5-71
	android:name
		ADDED from src/main/AndroidManifest.xml:27:22-68
uses-permission#android.permission.USE_CREDENTIALS
ADDED from src/main/AndroidManifest.xml:28:5-74
	android:name
		ADDED from src/main/AndroidManifest.xml:28:22-71
uses-permission#android.permission.MANAGE_ACCOUNTS
ADDED from src/main/AndroidManifest.xml:29:5-74
	android:name
		ADDED from src/main/AndroidManifest.xml:29:22-71
uses-permission#android.permission.CAMERA
ADDED from src/main/AndroidManifest.xml:31:5-65
	android:name
		ADDED from src/main/AndroidManifest.xml:31:22-62
uses-permission#android.permission.RECORD_AUDIO
ADDED from src/main/AndroidManifest.xml:32:5-71
	android:name
		ADDED from src/main/AndroidManifest.xml:32:22-68
uses-permission#android.permission.VIBRATE
ADDED from src/main/AndroidManifest.xml:33:5-66
MERGED from [Dearzs:PushLib:unspecified] AndroidManifest.xml:24:5-66
	android:name
		ADDED from src/main/AndroidManifest.xml:33:22-63
uses-permission#android.permission.BLUETOOTH
ADDED from src/main/AndroidManifest.xml:34:5-68
	android:name
		ADDED from src/main/AndroidManifest.xml:34:22-65
uses-permission#android.permission.BLUETOOTH_ADMIN
ADDED from src/main/AndroidManifest.xml:35:5-74
	android:name
		ADDED from src/main/AndroidManifest.xml:35:22-71
uses-permission#android.permission.BROADCAST_STICKY
ADDED from src/main/AndroidManifest.xml:36:5-75
	android:name
		ADDED from src/main/AndroidManifest.xml:36:22-72
uses-permission#android.permission.CALL_PHONE
ADDED from src/main/AndroidManifest.xml:39:5-85
	android:name
		ADDED from src/main/AndroidManifest.xml:39:22-66
uses-permission#android.permission.GET_TASKS
ADDED from src/main/AndroidManifest.xml:42:5-68
	android:name
		ADDED from src/main/AndroidManifest.xml:42:22-65
uses-sdk
ADDED from src/main/AndroidManifest.xml:45:5-70
MERGED from [com.jcodecraeer:xrecyclerview:1.2.7] AndroidManifest.xml:7:5-9:41
MERGED from [com.android.support:appcompat-v7:23.2.0] AndroidManifest.xml:21:5-23:78
MERGED from [com.android.support:support-v4:23.2.0] AndroidManifest.xml:20:5-43
MERGED from [com.android.support:animated-vector-drawable:23.2.0] AndroidManifest.xml:5:5-44
MERGED from [com.android.support:support-vector-drawable:23.2.0] AndroidManifest.xml:5:5-43
MERGED from [com.android.support:support-v4:23.2.0] AndroidManifest.xml:20:5-43
MERGED from [com.android.support:support-vector-drawable:23.2.0] AndroidManifest.xml:5:5-43
MERGED from [com.android.support:support-v4:23.2.0] AndroidManifest.xml:20:5-43
MERGED from [com.android.support:recyclerview-v7:23.2.0] AndroidManifest.xml:20:5-43
MERGED from [com.android.support:support-v4:23.2.0] AndroidManifest.xml:20:5-43
MERGED from [Dearzs:CommonLib:unspecified] AndroidManifest.xml:7:5-9:41
MERGED from [Dearzs:UploadImgLib:unspecified] AndroidManifest.xml:7:5-9:41
MERGED from [Dearzs:UmShare:unspecified] AndroidManifest.xml:7:5-9:41
MERGED from [Dearzs:TimLib:unspecified] AndroidManifest.xml:7:5-9:41
MERGED from [Dearzs:PushLib:unspecified] AndroidManifest.xml:7:5-9:41
MERGED from [Dearzs:ExpendableListViewlibrary:unspecified] AndroidManifest.xml:8:5-10:41
MERGED from [com.android.support:design:23.2.0] AndroidManifest.xml:20:5-43
MERGED from [com.android.support:recyclerview-v7:23.2.0] AndroidManifest.xml:20:5-43
MERGED from [com.android.support:support-v4:23.2.0] AndroidManifest.xml:20:5-43
MERGED from [com.android.support:appcompat-v7:23.2.0] AndroidManifest.xml:21:5-23:78
MERGED from [com.android.support:support-v4:23.2.0] AndroidManifest.xml:20:5-43
MERGED from [com.android.support:animated-vector-drawable:23.2.0] AndroidManifest.xml:5:5-44
MERGED from [com.android.support:support-vector-drawable:23.2.0] AndroidManifest.xml:5:5-43
MERGED from [com.android.support:support-v4:23.2.0] AndroidManifest.xml:20:5-43
MERGED from [com.android.support:support-vector-drawable:23.2.0] AndroidManifest.xml:5:5-43
MERGED from [com.android.support:support-v4:23.2.0] AndroidManifest.xml:20:5-43
MERGED from [com.android.support:support-v4:23.2.0] AndroidManifest.xml:20:5-43
MERGED from [Dearzs:UniversalVideoView:unspecified] AndroidManifest.xml:7:5-9:41
MERGED from [com.android.support:appcompat-v7:23.2.0] AndroidManifest.xml:21:5-23:78
MERGED from [com.android.support:support-v4:23.2.0] AndroidManifest.xml:20:5-43
MERGED from [com.android.support:animated-vector-drawable:23.2.0] AndroidManifest.xml:5:5-44
MERGED from [com.android.support:support-vector-drawable:23.2.0] AndroidManifest.xml:5:5-43
MERGED from [com.android.support:support-v4:23.2.0] AndroidManifest.xml:20:5-43
MERGED from [com.android.support:support-vector-drawable:23.2.0] AndroidManifest.xml:5:5-43
MERGED from [com.android.support:support-v4:23.2.0] AndroidManifest.xml:20:5-43
	tools:overrideLibrary
		ADDED from src/main/AndroidManifest.xml:45:15-68
	android:targetSdkVersion
		INJECTED from src/main/AndroidManifest.xml
		INJECTED from src/main/AndroidManifest.xml
	android:minSdkVersion
		INJECTED from src/main/AndroidManifest.xml
		INJECTED from src/main/AndroidManifest.xml
application
ADDED from src/main/AndroidManifest.xml:47:5-552:19
MERGED from [com.jcodecraeer:xrecyclerview:1.2.7] AndroidManifest.xml:11:5-20
MERGED from [com.android.support:appcompat-v7:23.2.0] AndroidManifest.xml:25:5-20
MERGED from [com.android.support:support-v4:23.2.0] AndroidManifest.xml:22:5-20
MERGED from [com.android.support:animated-vector-drawable:23.2.0] AndroidManifest.xml:7:5-20
MERGED from [com.android.support:support-vector-drawable:23.2.0] AndroidManifest.xml:7:5-20
MERGED from [com.android.support:support-v4:23.2.0] AndroidManifest.xml:22:5-20
MERGED from [com.android.support:support-vector-drawable:23.2.0] AndroidManifest.xml:7:5-20
MERGED from [com.android.support:support-v4:23.2.0] AndroidManifest.xml:22:5-20
MERGED from [com.android.support:support-v4:23.2.0] AndroidManifest.xml:22:5-20
MERGED from [Dearzs:CommonLib:unspecified] AndroidManifest.xml:11:5-14:19
MERGED from [Dearzs:UploadImgLib:unspecified] AndroidManifest.xml:11:5-20
MERGED from [Dearzs:UmShare:unspecified] AndroidManifest.xml:11:5-12:19
MERGED from [Dearzs:TimLib:unspecified] AndroidManifest.xml:11:5-18:19
MERGED from [Dearzs:PushLib:unspecified] AndroidManifest.xml:37:5-169:19
MERGED from [Dearzs:ExpendableListViewlibrary:unspecified] AndroidManifest.xml:12:5-20
MERGED from [com.android.support:design:23.2.0] AndroidManifest.xml:22:5-20
MERGED from [com.android.support:support-v4:23.2.0] AndroidManifest.xml:22:5-20
MERGED from [com.android.support:appcompat-v7:23.2.0] AndroidManifest.xml:25:5-20
MERGED from [com.android.support:support-v4:23.2.0] AndroidManifest.xml:22:5-20
MERGED from [com.android.support:animated-vector-drawable:23.2.0] AndroidManifest.xml:7:5-20
MERGED from [com.android.support:support-vector-drawable:23.2.0] AndroidManifest.xml:7:5-20
MERGED from [com.android.support:support-v4:23.2.0] AndroidManifest.xml:22:5-20
MERGED from [com.android.support:support-vector-drawable:23.2.0] AndroidManifest.xml:7:5-20
MERGED from [com.android.support:support-v4:23.2.0] AndroidManifest.xml:22:5-20
MERGED from [com.android.support:support-v4:23.2.0] AndroidManifest.xml:22:5-20
MERGED from [Dearzs:UniversalVideoView:unspecified] AndroidManifest.xml:11:5-12:19
MERGED from [com.android.support:appcompat-v7:23.2.0] AndroidManifest.xml:25:5-20
MERGED from [com.android.support:support-v4:23.2.0] AndroidManifest.xml:22:5-20
MERGED from [com.android.support:animated-vector-drawable:23.2.0] AndroidManifest.xml:7:5-20
MERGED from [com.android.support:support-vector-drawable:23.2.0] AndroidManifest.xml:7:5-20
MERGED from [com.android.support:support-v4:23.2.0] AndroidManifest.xml:22:5-20
MERGED from [com.android.support:support-vector-drawable:23.2.0] AndroidManifest.xml:7:5-20
MERGED from [com.android.support:support-v4:23.2.0] AndroidManifest.xml:22:5-20
	android:label
		ADDED from src/main/AndroidManifest.xml:51:9-41
	android:supportsRtl
		ADDED from src/main/AndroidManifest.xml:52:9-35
	android:hardwareAccelerated
		ADDED from src/main/AndroidManifest.xml:49:9-44
	android:icon
		ADDED from src/main/AndroidManifest.xml:50:9-43
	android:allowBackup
		ADDED from [Dearzs:UmShare:unspecified] AndroidManifest.xml:11:18-44
	android:theme
		ADDED from src/main/AndroidManifest.xml:53:9-45
	android:name
		ADDED from src/main/AndroidManifest.xml:48:9-54
activity#com.dearzs.app.activity.StartActivity
ADDED from src/main/AndroidManifest.xml:56:9-62:20
	android:name
		ADDED from src/main/AndroidManifest.xml:56:19-71
intent-filter#android.intent.action.MAIN+android.intent.category.LAUNCHER
ADDED from src/main/AndroidManifest.xml:57:13-60:29
action#android.intent.action.MAIN
ADDED from src/main/AndroidManifest.xml:58:17-69
	android:name
		ADDED from src/main/AndroidManifest.xml:58:25-66
category#android.intent.category.LAUNCHER
ADDED from src/main/AndroidManifest.xml:59:17-77
	android:name
		ADDED from src/main/AndroidManifest.xml:59:27-74
activity#com.dearzs.app.activity.HomeActivity
ADDED from src/main/AndroidManifest.xml:65:9-71:75
	android:screenOrientation
		ADDED from src/main/AndroidManifest.xml:70:13-49
	android:launchMode
		ADDED from src/main/AndroidManifest.xml:69:13-44
	android:exported
		ADDED from src/main/AndroidManifest.xml:68:13-37
	android:windowSoftInputMode
		ADDED from src/main/AndroidManifest.xml:71:13-72
	android:configChanges
		ADDED from src/main/AndroidManifest.xml:67:13-63
	android:name
		ADDED from src/main/AndroidManifest.xml:66:13-64
activity#com.dearzs.app.activity.AppGuideActivity
ADDED from src/main/AndroidManifest.xml:74:9-80:75
	android:screenOrientation
		ADDED from src/main/AndroidManifest.xml:79:13-49
	android:launchMode
		ADDED from src/main/AndroidManifest.xml:78:13-44
	android:exported
		ADDED from src/main/AndroidManifest.xml:77:13-37
	android:windowSoftInputMode
		ADDED from src/main/AndroidManifest.xml:80:13-72
	android:configChanges
		ADDED from src/main/AndroidManifest.xml:76:13-63
	android:name
		ADDED from src/main/AndroidManifest.xml:75:13-68
activity#com.dearzs.app.activity.MedicalConsultationWebViewActivity
ADDED from src/main/AndroidManifest.xml:83:9-86:61
	android:screenOrientation
		ADDED from src/main/AndroidManifest.xml:86:13-49
	android:hardwareAccelerated
		ADDED from src/main/AndroidManifest.xml:85:13-47
	android:name
		ADDED from src/main/AndroidManifest.xml:84:13-72
activity#com.dearzs.app.activity.CommonWebViewActivity
ADDED from src/main/AndroidManifest.xml:89:9-92:61
	android:screenOrientation
		ADDED from src/main/AndroidManifest.xml:92:13-49
	android:hardwareAccelerated
		ADDED from src/main/AndroidManifest.xml:91:13-47
	android:name
		ADDED from src/main/AndroidManifest.xml:90:13-59
activity#com.dearzs.app.activity.expert.ExpertDetailsActivity
ADDED from src/main/AndroidManifest.xml:94:9-96:61
	android:screenOrientation
		ADDED from src/main/AndroidManifest.xml:96:13-49
	android:name
		ADDED from src/main/AndroidManifest.xml:95:13-80
activity#com.dearzs.app.activity.expert.MedicalRecordActivity
ADDED from src/main/AndroidManifest.xml:98:9-101:84
	android:screenOrientation
		ADDED from src/main/AndroidManifest.xml:100:13-49
	android:windowSoftInputMode
		ADDED from src/main/AndroidManifest.xml:101:13-72
	android:name
		ADDED from src/main/AndroidManifest.xml:99:13-80
activity#com.dearzs.app.activity.expert.MedicalRecordHistoryListActivity
ADDED from src/main/AndroidManifest.xml:103:9-106:84
	android:screenOrientation
		ADDED from src/main/AndroidManifest.xml:105:13-49
	android:windowSoftInputMode
		ADDED from src/main/AndroidManifest.xml:106:13-72
	android:name
		ADDED from src/main/AndroidManifest.xml:104:13-91
activity#com.dearzs.app.activity.expert.MedicalRecordModifyActivity
ADDED from src/main/AndroidManifest.xml:108:9-110:61
	android:screenOrientation
		ADDED from src/main/AndroidManifest.xml:110:13-49
	android:name
		ADDED from src/main/AndroidManifest.xml:109:13-86
activity#com.dearzs.app.activity.LoginActivity
ADDED from src/main/AndroidManifest.xml:112:9-114:61
	android:screenOrientation
		ADDED from src/main/AndroidManifest.xml:114:13-49
	android:name
		ADDED from src/main/AndroidManifest.xml:113:13-65
activity#com.dearzs.app.activity.ForgetPwdActivity
ADDED from src/main/AndroidManifest.xml:116:9-118:61
	android:screenOrientation
		ADDED from src/main/AndroidManifest.xml:118:13-49
	android:name
		ADDED from src/main/AndroidManifest.xml:117:13-55
activity#com.dearzs.app.activity.FindPwdActivity
ADDED from src/main/AndroidManifest.xml:120:9-122:61
	android:screenOrientation
		ADDED from src/main/AndroidManifest.xml:122:13-49
	android:name
		ADDED from src/main/AndroidManifest.xml:121:13-53
activity#com.dearzs.app.activity.RegisterActivity
ADDED from src/main/AndroidManifest.xml:124:9-126:61
	android:screenOrientation
		ADDED from src/main/AndroidManifest.xml:126:13-49
	android:name
		ADDED from src/main/AndroidManifest.xml:125:13-68
activity#com.dearzs.app.activity.communtity.UploadPicActivity
ADDED from src/main/AndroidManifest.xml:128:9-130:61
	android:screenOrientation
		ADDED from src/main/AndroidManifest.xml:130:13-49
	android:name
		ADDED from src/main/AndroidManifest.xml:129:13-80
activity#com.dearzs.app.activity.communtity.GalleryImageActivity
ADDED from src/main/AndroidManifest.xml:132:9-134:61
	android:screenOrientation
		ADDED from src/main/AndroidManifest.xml:134:13-49
	android:name
		ADDED from src/main/AndroidManifest.xml:133:13-83
activity#com.dearzs.app.activity.communtity.ReleaseDynamicActivity
ADDED from src/main/AndroidManifest.xml:136:9-138:61
	android:screenOrientation
		ADDED from src/main/AndroidManifest.xml:138:13-49
	android:name
		ADDED from src/main/AndroidManifest.xml:137:13-85
activity#com.dearzs.app.activity.communtity.ReleaseCommentActivity
ADDED from src/main/AndroidManifest.xml:140:9-142:61
	android:screenOrientation
		ADDED from src/main/AndroidManifest.xml:142:13-49
	android:name
		ADDED from src/main/AndroidManifest.xml:141:13-85
activity#com.dearzs.app.activity.communtity.DynamicDetailsActivity
ADDED from src/main/AndroidManifest.xml:144:9-146:61
	android:screenOrientation
		ADDED from src/main/AndroidManifest.xml:146:13-49
	android:name
		ADDED from src/main/AndroidManifest.xml:145:13-85
activity#com.dearzs.app.activity.communtity.AlbumActivity
ADDED from src/main/AndroidManifest.xml:148:9-150:61
	android:screenOrientation
		ADDED from src/main/AndroidManifest.xml:150:13-49
	android:name
		ADDED from src/main/AndroidManifest.xml:149:13-76
activity#com.dearzs.app.activity.mine.DoctorCertificationActivity
ADDED from src/main/AndroidManifest.xml:153:9-155:52
	android:screenOrientation
		ADDED from src/main/AndroidManifest.xml:155:13-49
	android:name
		ADDED from src/main/AndroidManifest.xml:154:13-70
activity#com.dearzs.app.activity.mine.MyFamilyDoctorActivity
ADDED from src/main/AndroidManifest.xml:157:9-159:52
	android:screenOrientation
		ADDED from src/main/AndroidManifest.xml:159:13-49
	android:name
		ADDED from src/main/AndroidManifest.xml:158:13-65
activity#com.dearzs.app.activity.mine.FeedbackActivity
ADDED from src/main/AndroidManifest.xml:162:9-165:58
	android:screenOrientation
		ADDED from src/main/AndroidManifest.xml:164:13-49
	android:windowSoftInputMode
		ADDED from src/main/AndroidManifest.xml:165:13-55
	android:name
		ADDED from src/main/AndroidManifest.xml:163:13-59
activity#com.dearzs.app.activity.mine.BankCardActivity
ADDED from src/main/AndroidManifest.xml:168:9-171:58
	android:screenOrientation
		ADDED from src/main/AndroidManifest.xml:170:13-49
	android:windowSoftInputMode
		ADDED from src/main/AndroidManifest.xml:171:13-55
	android:name
		ADDED from src/main/AndroidManifest.xml:169:13-59
activity#com.dearzs.app.activity.mine.GoodAtActivity
ADDED from src/main/AndroidManifest.xml:174:9-177:58
	android:screenOrientation
		ADDED from src/main/AndroidManifest.xml:176:13-49
	android:windowSoftInputMode
		ADDED from src/main/AndroidManifest.xml:177:13-55
	android:name
		ADDED from src/main/AndroidManifest.xml:175:13-57
activity#com.dearzs.app.activity.mine.PaymentsBalanceListActivity
ADDED from src/main/AndroidManifest.xml:180:9-182:52
	android:screenOrientation
		ADDED from src/main/AndroidManifest.xml:182:13-49
	android:name
		ADDED from src/main/AndroidManifest.xml:181:13-70
activity#com.dearzs.app.activity.mine.PersionalDataActivity
ADDED from src/main/AndroidManifest.xml:185:9-188:52
	android:screenOrientation
		ADDED from src/main/AndroidManifest.xml:188:13-49
	android:windowSoftInputMode
		ADDED from src/main/AndroidManifest.xml:187:13-72
	android:name
		ADDED from src/main/AndroidManifest.xml:186:13-64
activity#com.dearzs.app.activity.mine.DoctorCertificationIntroduceActivity
ADDED from src/main/AndroidManifest.xml:191:9-193:52
	android:screenOrientation
		ADDED from src/main/AndroidManifest.xml:193:13-49
	android:name
		ADDED from src/main/AndroidManifest.xml:192:13-79
activity#com.dearzs.app.activity.mine.PatientLibraryActivity
ADDED from src/main/AndroidManifest.xml:196:9-198:52
	android:screenOrientation
		ADDED from src/main/AndroidManifest.xml:198:13-49
	android:name
		ADDED from src/main/AndroidManifest.xml:197:13-65
activity#com.dearzs.app.activity.mine.PatientSearchActivity
ADDED from src/main/AndroidManifest.xml:201:9-203:52
	android:screenOrientation
		ADDED from src/main/AndroidManifest.xml:203:13-49
	android:name
		ADDED from src/main/AndroidManifest.xml:202:13-64
activity#com.dearzs.app.activity.mine.PatientAddActivity
ADDED from src/main/AndroidManifest.xml:206:9-208:52
	android:screenOrientation
		ADDED from src/main/AndroidManifest.xml:208:13-49
	android:name
		ADDED from src/main/AndroidManifest.xml:207:13-61
activity#com.dearzs.app.activity.mine.PatientDetailActivity
ADDED from src/main/AndroidManifest.xml:211:9-213:52
	android:screenOrientation
		ADDED from src/main/AndroidManifest.xml:213:13-49
	android:name
		ADDED from src/main/AndroidManifest.xml:212:13-64
activity#com.dearzs.app.activity.mine.OrderDataListActivity
ADDED from src/main/AndroidManifest.xml:216:9-218:52
	android:screenOrientation
		ADDED from src/main/AndroidManifest.xml:218:13-49
	android:name
		ADDED from src/main/AndroidManifest.xml:217:13-64
activity#com.dearzs.app.activity.mine.MyWalletActivity
ADDED from src/main/AndroidManifest.xml:221:9-223:52
	android:screenOrientation
		ADDED from src/main/AndroidManifest.xml:223:13-49
	android:name
		ADDED from src/main/AndroidManifest.xml:222:13-59
activity#com.dearzs.app.activity.mine.VisitCostSettingActivity
ADDED from src/main/AndroidManifest.xml:226:9-228:52
	android:screenOrientation
		ADDED from src/main/AndroidManifest.xml:228:13-49
	android:name
		ADDED from src/main/AndroidManifest.xml:227:13-67
activity#com.dearzs.app.activity.mine.VisitCostTimeSettingActivity
ADDED from src/main/AndroidManifest.xml:229:9-231:52
	android:screenOrientation
		ADDED from src/main/AndroidManifest.xml:231:13-49
	android:name
		ADDED from src/main/AndroidManifest.xml:230:13-71
activity#com.dearzs.app.activity.mine.TransferSettingActivity
ADDED from src/main/AndroidManifest.xml:234:9-236:52
	android:screenOrientation
		ADDED from src/main/AndroidManifest.xml:236:13-49
	android:name
		ADDED from src/main/AndroidManifest.xml:235:13-66
activity#com.dearzs.app.activity.mine.MyCollectActivity
ADDED from src/main/AndroidManifest.xml:239:9-241:52
	android:screenOrientation
		ADDED from src/main/AndroidManifest.xml:241:13-49
	android:name
		ADDED from src/main/AndroidManifest.xml:240:13-60
activity#com.dearzs.app.activity.mine.AboutActivity
ADDED from src/main/AndroidManifest.xml:244:9-246:52
	android:screenOrientation
		ADDED from src/main/AndroidManifest.xml:246:13-49
	android:name
		ADDED from src/main/AndroidManifest.xml:245:13-56
activity#com.dearzs.app.activity.mine.SettingActivity
ADDED from src/main/AndroidManifest.xml:249:9-251:52
	android:screenOrientation
		ADDED from src/main/AndroidManifest.xml:251:13-49
	android:name
		ADDED from src/main/AndroidManifest.xml:250:13-58
activity#com.dearzs.app.activity.mine.QRCodeActivity
ADDED from src/main/AndroidManifest.xml:254:9-256:52
	android:screenOrientation
		ADDED from src/main/AndroidManifest.xml:256:13-49
	android:name
		ADDED from src/main/AndroidManifest.xml:255:13-57
activity#com.dearzs.app.activity.mine.AgreementActivity
ADDED from src/main/AndroidManifest.xml:259:9-261:52
	android:screenOrientation
		ADDED from src/main/AndroidManifest.xml:261:13-49
	android:name
		ADDED from src/main/AndroidManifest.xml:260:13-60
activity#com.dearzs.app.activity.home.AppointmentConsultationActivity
ADDED from src/main/AndroidManifest.xml:264:9-266:52
	android:screenOrientation
		ADDED from src/main/AndroidManifest.xml:266:13-49
	android:name
		ADDED from src/main/AndroidManifest.xml:265:13-74
activity#com.dearzs.app.activity.home.SearchActivity
ADDED from src/main/AndroidManifest.xml:269:9-271:52
	android:screenOrientation
		ADDED from src/main/AndroidManifest.xml:271:13-49
	android:name
		ADDED from src/main/AndroidManifest.xml:270:13-57
activity#com.dearzs.app.activity.home.ConsultationRoomActivity
ADDED from src/main/AndroidManifest.xml:274:9-276:52
	android:screenOrientation
		ADDED from src/main/AndroidManifest.xml:276:13-49
	android:name
		ADDED from src/main/AndroidManifest.xml:275:13-67
activity#com.dearzs.app.activity.home.EditConsultResultActivity
ADDED from src/main/AndroidManifest.xml:278:9-281:52
	android:screenOrientation
		ADDED from src/main/AndroidManifest.xml:281:13-49
	android:windowSoftInputMode
		ADDED from src/main/AndroidManifest.xml:280:13-72
	android:name
		ADDED from src/main/AndroidManifest.xml:279:13-68
activity#com.dearzs.app.activity.home.MedicalConsultationActivity
ADDED from src/main/AndroidManifest.xml:284:9-286:52
	android:screenOrientation
		ADDED from src/main/AndroidManifest.xml:286:13-49
	android:name
		ADDED from src/main/AndroidManifest.xml:285:13-70
activity#com.dearzs.app.activity.home.MessageListActivity
ADDED from src/main/AndroidManifest.xml:289:9-291:52
	android:screenOrientation
		ADDED from src/main/AndroidManifest.xml:291:13-49
	android:name
		ADDED from src/main/AndroidManifest.xml:290:13-62
activity#com.dearzs.app.activity.order.OrderConfirmActivity
ADDED from src/main/AndroidManifest.xml:294:9-297:75
	android:screenOrientation
		ADDED from src/main/AndroidManifest.xml:296:13-49
	android:windowSoftInputMode
		ADDED from src/main/AndroidManifest.xml:297:13-72
	android:name
		ADDED from src/main/AndroidManifest.xml:295:13-64
activity#com.dearzs.app.activity.order.OrderPendingPaymentActivity
ADDED from src/main/AndroidManifest.xml:300:9-302:52
	android:screenOrientation
		ADDED from src/main/AndroidManifest.xml:302:13-49
	android:name
		ADDED from src/main/AndroidManifest.xml:301:13-71
activity#com.dearzs.app.activity.order.OrderCompleteActivity
ADDED from src/main/AndroidManifest.xml:305:9-307:52
	android:screenOrientation
		ADDED from src/main/AndroidManifest.xml:307:13-49
	android:name
		ADDED from src/main/AndroidManifest.xml:306:13-65
activity#com.dearzs.app.chat.ui.ChatActivity
ADDED from src/main/AndroidManifest.xml:310:9-314:58
	android:screenOrientation
		ADDED from src/main/AndroidManifest.xml:313:13-49
	android:launchMode
		ADDED from src/main/AndroidManifest.xml:312:13-44
	android:windowSoftInputMode
		ADDED from src/main/AndroidManifest.xml:314:13-55
	android:name
		ADDED from src/main/AndroidManifest.xml:311:13-49
activity#com.dearzs.app.chat.ui.LiveActivity
ADDED from src/main/AndroidManifest.xml:317:9-322:58
	android:screenOrientation
		ADDED from src/main/AndroidManifest.xml:320:13-49
	android:hardwareAccelerated
		ADDED from src/main/AndroidManifest.xml:321:13-47
	android:launchMode
		ADDED from src/main/AndroidManifest.xml:319:13-44
	android:windowSoftInputMode
		ADDED from src/main/AndroidManifest.xml:322:13-55
	android:name
		ADDED from src/main/AndroidManifest.xml:318:13-49
activity#com.dearzs.app.chat.ui.ImagePreviewActivity
ADDED from src/main/AndroidManifest.xml:325:9-327:52
	android:screenOrientation
		ADDED from src/main/AndroidManifest.xml:327:13-49
	android:name
		ADDED from src/main/AndroidManifest.xml:326:13-57
activity#com.dearzs.app.chat.ui.ImageViewActivity
ADDED from src/main/AndroidManifest.xml:330:9-332:52
	android:screenOrientation
		ADDED from src/main/AndroidManifest.xml:332:13-49
	android:name
		ADDED from src/main/AndroidManifest.xml:331:13-54
activity#com.dearzs.app.activity.mine.OrderDataDetailActivity
ADDED from src/main/AndroidManifest.xml:335:9-337:52
	android:screenOrientation
		ADDED from src/main/AndroidManifest.xml:337:13-49
	android:name
		ADDED from src/main/AndroidManifest.xml:336:13-66
activity#com.dearzs.app.activity.forum.DoctorForumActivity
ADDED from src/main/AndroidManifest.xml:340:9-342:52
	android:screenOrientation
		ADDED from src/main/AndroidManifest.xml:342:13-49
	android:name
		ADDED from src/main/AndroidManifest.xml:341:13-63
activity#com.dearzs.app.activity.forum.MediaPlayerActivity
ADDED from src/main/AndroidManifest.xml:345:9-348:52
	android:screenOrientation
		ADDED from src/main/AndroidManifest.xml:348:13-49
	android:configChanges
		ADDED from src/main/AndroidManifest.xml:347:13-74
	android:name
		ADDED from src/main/AndroidManifest.xml:346:13-63
activity#com.dearzs.app.activity.family.FamilyDocListActivity
ADDED from src/main/AndroidManifest.xml:351:9-354:52
	android:screenOrientation